     1                                  bits 32
     2                                  
     3                                  global start
     4                                  
     5                                  extern scanf, exit, fopen, fclose , fprintf
     6                                  import scanf msvcrt.dll
     7                                  import exit msvcrt.dll
     8                                  import fopen msvcrt.dll
     9                                  import fclose msvcrt.dll
    10                                  import fprintf msvcrt.dll
    11                                  
    12                                  extern minim_modul
    13                                  
    14                                  
    15                                  
    16                                  segment data use32 class=data
    17 00000000 6D696E2E74787400            nume_fisier db "min.txt", 0
    18 00000008 7700                        mod_acces db 'w', 0
    19                                      
    20 0000000A FFFFFFFF                    descriptor_fisier dd -1
    21 0000000E 256400                      format db "%d", 0
    22 00000011 257800                      format_hexa db "%x", 0
    23                                      
    24 00000014 2C69617220696E2068-         mesaj_intermediar db ",iar in hexazecimal este:", 0
    24 0000001D 6578617A6563696D61-
    24 00000026 6C20657374653A00   
    25 0000002E <res 00000004>              numar resd 1 
    26                                      global minim
    27 00000032 FFFFFF7F                    minim dd 7FFFFFFFh
    28                                      
    29                                      
    30 00000036 4D696E696D20657374-         mesaj_minim db "Minim este:", 0  
    30 0000003F 653A00             
    31                                      
    32                                  
    33                                  segment code use32 class=code
    34                                     
    35                                      start:
    36 00000000 68[08000000]                    push dword mod_acces
    37 00000005 68[00000000]                    push dword nume_fisier
    38 0000000A FF15[00000000]                  call [fopen]
    39 00000010 83C408                          add esp, 4 * 2
    40                                          
    41 00000013 A3[0A000000]                    mov [descriptor_fisier], eax
    42 00000018 83F800                          cmp eax, 0
    43 0000001B 0F8492000000                    je final
    44                                          
    45                                          repeta_citire:
    46 00000021 8D05[2E000000]                      lea eax, [numar]
    47 00000027 50                                  push eax
    48 00000028 68[0E000000]                        push dword format
    49 0000002D FF15[00000000]                      call [scanf]
    50 00000033 83C408                              add esp, 4 * 2
    51                                               
    52 00000036 83F801                              cmp eax, 1
    53 00000039 750D                                jne afisare_minim 
    54                                              
    55                                              
    56 0000003B FF35[2E000000]                      push dword [numar]
    57 00000041 E8(00000000)                        call minim_modul
    58                                              
    59                                              
    60 00000046 EBD9                                jmp repeta_citire
    61                                          
    62                                      afisare_minim:
    63 00000048 68[36000000]                    push dword mesaj_minim
    64 0000004D FF35[0A000000]                  push dword [descriptor_fisier]
    65 00000053 FF15[00000000]                  call [fprintf]
    66 00000059 83C408                          add esp, 4 * 2
    67                                          
    68 0000005C FF35[32000000]                  push dword [minim]
    69 00000062 68[0E000000]                    push dword format
    70 00000067 FF35[0A000000]                  push dword [descriptor_fisier]
    71 0000006D FF15[00000000]                  call [fprintf]
    72 00000073 83C40C                          add esp, 4 * 3
    73                                          
    74 00000076 68[14000000]                    push dword mesaj_intermediar
    75 0000007B FF35[0A000000]                  push dword [descriptor_fisier]
    76 00000081 FF15[00000000]                  call [fprintf]
    77 00000087 83C408                          add esp, 4 * 2
    78                                          
    79 0000008A FF35[32000000]                  push dword [minim]
    80 00000090 68[11000000]                    push dword format_hexa
    81 00000095 FF35[0A000000]                  push dword [descriptor_fisier]
    82 0000009B FF15[00000000]                  call [fprintf]
    83 000000A1 83C40C                          add esp, 4 * 3
    84                                          
    85                                      inchidere_fisier:        
    86 000000A4 FF35[0A000000]                  push dword [descriptor_fisier]
    87 000000AA FF15[00000000]                  call [fclose]
    88 000000B0 83C404                          add esp, 4
    89                                         
    90                                      final: 
    91 000000B3 6A00                            push dword 0
    92 000000B5 FF15[00000000]                  call [exit]
