     1                                  ; 3. Se dau cuvintele A si B. Sa se obtina dublucuvantul C:
     2                                      ; bitii 0-2 ai lui C coincid cu bitii 12-14 ai lui A
     3                                      ; bitii 3-8 ai lui C coincid cu bitii 0-5 ai lui B
     4                                      ; bitii 9-15 ai lui C coincid cu bitii 3-9 ai lui A
     5                                      ; bitii 16-31 ai lui C coincid cu bitii lui A
     6                                      
     7                                  bits 32
     8                                  
     9                                  global start
    10                                  
    11                                  extern exit
    12                                  import exit msvcrt.dll
    13                                  
    14                                  segment data use32 class = data
    15 00000000 FF00                        a dw 00_FFh ; 0000__0000__1111__1111b
    16 00000002 F00F                        b dw 0F_F0h ; 0000__1111__1111__0000b
    17 00000004 <res 00000004>              c resd 1    ; 0000__0000__1111__1111__0011__1111__1000__0000b 
    18                                  segment code use32 class = code
    19                                      start:
    20 00000000 31DB                            xor ebx, ebx
    21                                          
    22                                          
    23 00000002 66A1[00000000]                  mov ax, [a]
    24 00000008 66250070                        and ax, 0111__0000__0000__0000b
    25 0000000C 66C1C80C                        ror ax, 12
    26 00000010 6609C3                          or bx, ax
    27                                          
    28 00000013 66A1[02000000]                  mov ax, [b]
    29 00000019 6683E03F                        and ax, 0000__0000__0011__1111b
    30 0000001D 66C1C003                        rol ax, 3
    31 00000021 6609C3                          or bx,ax
    32                                          
    33 00000024 66A1[00000000]                  mov ax, [a]
    34                                          
    35 0000002A 6625F803                        and ax, 0000__0011__1111__1000b
    36 0000002E 66C1C006                        rol ax, 6
    37 00000032 6609C3                          or bx, ax
    38                                          
    39 00000035 6689DA                          mov dx, bx
    40 00000038 668B1D[00000000]                mov bx, [a]
    41 0000003F C1C310                          rol ebx, 16
    42                                          
    43 00000042 6689D3                          mov bx, dx
    44                                          
    45                                          
    46 00000045 6A00                            push dword 0
    47 00000047 E8(00000000)                    call exit
